This is pdfTeX, Version 3.141592653-2.6-1.40.25 (TeX Live 2023/Arch Linux) (preloaded format=pdflatex 2023.8.26)  24 SEP 2023 11:15
entering extended mode
 \write18 enabled.
 %&-line parsing enabled.
**/home/lizzy/.config/nvim/UltiSnips/tex.snippets
(/home/lizzy/.config/nvim/UltiSnips/tex.snippets
LaTeX2e <2022-11-01> patch level 1
L3 programming layer <2023-02-22>

! LaTeX Error: Missing \begin{document}.

See the LaTeX manual or LaTeX Companion for explanation.
Type  H <return>  for immediate help.
 ...                                              
                                                  
l.1 s
     nippet art "article template" b
? 
! Emergency stop.
 ...                                              
                                                  
l.1 s
     nippet art "article template" b
You're in trouble here.  Try typing  <return>  to proceed.
If that doesn't work, type  X <return>  to quit.

 
Here is how much of TeX's memory you used:
 19 strings out of 477459
 668 string characters out of 5832156
 1849388 words of memory out of 5000000
 20329 multiletter control sequences out of 15000+600000
 512287 words of font info for 32 fonts, out of 8000000 for 9000
 430 hyphenation exceptions out of 8191
 13i,0n,12p,112b,14s stack positions out of 10000i,1000n,20000p,200000b,200000s
!  ==> Fatal error occurred, no output PDF file produced!
